<?xml version="1.0" encoding="UTF-8"?>
<!-- Generated by org.testng.reporters.JUnitReportReporter -->
<testsuite hostname="DESKTOP-U9BEVS1" failures="0" tests="1" name="raj.logiii" time="10.723" errors="0" timestamp="2020-05-27T11:20:31 IST" skipped="0">
  <testcase classname="raj.logiii" name="login" time="10.723"/>
</testsuite> <!-- raj.logiii -->
